<?xml version="1.0" encoding="UTF-8"?>
<!-- Generated by org.testng.reporters.JUnitReportReporter -->
<testsuite hostname="DESKTOP-MBOM5AJ" name="testsuite.Anniversary_Suite" tests="41" failures="0" timestamp="24 Nov 2018 15:43:20 GMT" time="5974.102" errors="0">
  <testcase name="FNP_Anniversary_021" time="178.118" classname="testsuite.Anniversary_Suite"/>
  <testcase name="FNP_Anniversary_038" time="236.604" classname="testsuite.Anniversary_Suite"/>
  <testcase name="FNP_Anniversary_015" time="114.990" classname="testsuite.Anniversary_Suite"/>
  <testcase name="FNP_Anniversary_007" time="99.476" classname="testsuite.Anniversary_Suite"/>
  <testcase name="FNP_Anniversary_004" time="38.801" classname="testsuite.Anniversary_Suite"/>
  <testcase name="FNP_Anniversary_025" time="166.111" classname="testsuite.Anniversary_Suite"/>
  <testcase name="FNP_Anniversary_040" time="235.253" classname="testsuite.Anniversary_Suite"/>
  <testcase name="FNP_Anniversary_010" time="75.620" classname="testsuite.Anniversary_Suite"/>
  <testcase name="FNP_Anniversary_019" time="127.975" classname="testsuite.Anniversary_Suite"/>
  <testcase name="FNP_Anniversary_018" time="153.918" classname="testsuite.Anniversary_Suite"/>
  <testcase name="FNP_Anniversary002" time="18.657" classname="testsuite.Anniversary_Suite"/>
  <testcase name="FNP_Anniversary_031" time="164.175" classname="testsuite.Anniversary_Suite"/>
  <testcase name="FNP_Anniversary_032" time="183.102" classname="testsuite.Anniversary_Suite"/>
  <testcase name="FNP_Anniversary_005" time="36.109" classname="testsuite.Anniversary_Suite"/>
  <testcase name="FNP_Anniversary_003" time="33.697" classname="testsuite.Anniversary_Suite"/>
  <testcase name="FNP_Anniversary_026" time="167.202" classname="testsuite.Anniversary_Suite"/>
  <testcase name="FNP_Anniversary_013" time="45.650" classname="testsuite.Anniversary_Suite"/>
  <testcase name="FNP_Anniversary_017" time="116.489" classname="testsuite.Anniversary_Suite"/>
  <testcase name="FNP_Anniversary_028" time="186.208" classname="testsuite.Anniversary_Suite"/>
  <testcase name="FNP_Anniversary_035" time="199.247" classname="testsuite.Anniversary_Suite"/>
  <testcase name="FNP_Anniversary_037" time="228.438" classname="testsuite.Anniversary_Suite"/>
  <testcase name="FNP_Anniversary_036" time="220.507" classname="testsuite.Anniversary_Suite"/>
  <testcase name="FNP_Anniversary_041" time="263.345" classname="testsuite.Anniversary_Suite"/>
  <testcase name="FNP_Anniversary_027" time="167.250" classname="testsuite.Anniversary_Suite"/>
  <testcase name="FNP_Anniversary_023" time="155.363" classname="testsuite.Anniversary_Suite"/>
  <testcase name="FNP_Anniversary_008" time="96.238" classname="testsuite.Anniversary_Suite"/>
  <testcase name="FNP_Anniversary_034" time="201.157" classname="testsuite.Anniversary_Suite"/>
  <testcase name="FNP_Anniversary_009" time="74.596" classname="testsuite.Anniversary_Suite"/>
  <testcase name="FNP_Anniversary_024" time="161.268" classname="testsuite.Anniversary_Suite"/>
  <testcase name="FNP_Anniversary_014" time="107.237" classname="testsuite.Anniversary_Suite"/>
  <testcase name="FNP_Anniversary_033" time="185.549" classname="testsuite.Anniversary_Suite"/>
  <testcase name="FNP_Anniversary_029" time="165.614" classname="testsuite.Anniversary_Suite"/>
  <testcase name="FNP_Anniversary_020" time="156.561" classname="testsuite.Anniversary_Suite"/>
  <testcase name="FNP_Anniversary_039" time="238.058" classname="testsuite.Anniversary_Suite"/>
  <testcase name="FNP_Anniversary_006" time="95.912" classname="testsuite.Anniversary_Suite"/>
  <testcase name="FNP_Anniversary_016" time="155.866" classname="testsuite.Anniversary_Suite"/>
  <testcase name="FNP_Anniversary_030" time="163.337" classname="testsuite.Anniversary_Suite"/>
  <testcase name="FNP_Anniversary_022" time="140.507" classname="testsuite.Anniversary_Suite"/>
  <testcase name="FNP_Anniversary_012" time="113.124" classname="testsuite.Anniversary_Suite"/>
  <testcase name="FNP_Anniversary_011" time="35.760" classname="testsuite.Anniversary_Suite"/>
  <testcase name="FNP_Anniversary_042" time="271.013" classname="testsuite.Anniversary_Suite"/>
</testsuite> <!-- testsuite.Anniversary_Suite -->
