<?xml version="1.0" encoding="UTF-8"?>
<!-- Generated by org.testng.reporters.JUnitReportReporter -->
<testsuite hostname="DESKTOP-MBOM5AJ" name="testsuite.Anniversary_Suite" tests="1" failures="0" timestamp="21 Dec 2018 10:24:41 GMT" time="186.890" errors="0">
  <testcase name="fnp_Anniversary_023" time="186.890" classname="testsuite.Anniversary_Suite"/>
</testsuite> <!-- testsuite.Anniversary_Suite -->
