<?xml version="1.0" encoding="UTF-8"?>
<!-- Generated by org.testng.reporters.JUnitReportReporter -->
<testsuite hostname="TESTING-07" name="testsuite.SameDayDelivery_Suite" tests="1" failures="0" timestamp="1 Oct 2018 13:59:22 GMT" time="63.189" errors="0">
  <testcase name="FNP_SameDayDelivery_006" time="63.189" classname="testsuite.SameDayDelivery_Suite"/>
</testsuite> <!-- testsuite.SameDayDelivery_Suite -->
