<?xml version="1.0" encoding="UTF-8"?>
<!-- Generated by org.testng.reporters.JUnitReportReporter -->
<testsuite hostname="DESKTOP-MBOM5AJ" name="testsuite.Dsm_Suite" tests="1" failures="0" timestamp="9 Aug 2019 09:48:41 GMT" time="50.211" errors="0">
  <testcase name="DSM" time="50.211" classname="testsuite.Dsm_Suite"/>
</testsuite> <!-- testsuite.Dsm_Suite -->
