<?xml version="1.0" encoding="UTF-8"?>
<!-- Generated by org.testng.reporters.JUnitReportReporter -->
<testsuite hostname="DESKTOP-MBOM5AJ" name="testsuite.Amazon_Suite" tests="1" failures="0" timestamp="10 Aug 2019 05:02:15 GMT" time="81.984" errors="0">
  <testcase name="amazonProductPriceValidation" time="81.984" classname="testsuite.Amazon_Suite"/>
</testsuite> <!-- testsuite.Amazon_Suite -->
